2020-08-19 05:00:46,131 [Worker-4: Loading available Gradle versions] INFO  o.e.b.c.i.u.g.PublishedGradleVersions - Gradle version information cache is out-of-date. Trying to update.
2020-08-19 05:01:30,774 [Worker-10: Importing Maven projects] INFO  o.e.m.c.i.l.LifecycleMappingFactory - Using org.eclipse.m2e.jdt.JarLifecycleMapping lifecycle mapping for MavenProject: CucumberBDDFramework:CucumberBDDFramework:0.0.1-SNAPSHOT @ C:\Users\Administrator\Downloads\CucumberBDDFramework\CucumberBDDFramework\pom.xml.
2020-08-19 05:01:33,586 [Worker-10: Importing Maven projects] INFO  o.e.m.j.i.AbstractJavaProjectConfigurator - Adding source folder /CucumberBDDFramework/src/main/java
2020-08-19 05:01:33,587 [Worker-10: Importing Maven projects] INFO  o.e.m.j.i.AbstractJavaProjectConfigurator - Adding source folder /CucumberBDDFramework/src/test/java
2020-08-19 05:01:34,165 [Worker-10: Importing Maven projects] INFO  o.e.m.c.i.p.ProjectConfigurationManager - Imported and configured 1 project(s) in 5 sec
2020-08-19 05:01:37,378 [Worker-5: Building] INFO  o.e.m.c.i.embedder.EclipseLogger - Using 'UTF-8' encoding to copy filtered resources.
2020-08-19 05:01:37,378 [Worker-5: Building] INFO  o.e.m.c.i.embedder.EclipseLogger - skip non existing resourceDirectory C:\Users\Administrator\Downloads\CucumberBDDFramework\CucumberBDDFramework\src\main\resources
2020-08-19 05:01:37,383 [Worker-5: Building] INFO  o.e.m.c.i.embedder.EclipseLogger - Using 'UTF-8' encoding to copy filtered resources.
2020-08-19 05:01:37,384 [Worker-5: Building] INFO  o.e.m.c.i.embedder.EclipseLogger - skip non existing resourceDirectory C:\Users\Administrator\Downloads\CucumberBDDFramework\CucumberBDDFramework\src\test\resources
2020-08-19 05:01:46,721 [Worker-10: Building] INFO  o.e.m.c.i.embedder.EclipseLogger - Using 'UTF-8' encoding to copy filtered resources.
2020-08-19 05:01:46,721 [Worker-10: Building] INFO  o.e.m.c.i.embedder.EclipseLogger - skip non existing resourceDirectory C:\Users\Administrator\Downloads\CucumberBDDFramework\CucumberBDDFramework\src\main\resources
2020-08-19 05:01:46,722 [Worker-10: Building] INFO  o.e.m.c.i.embedder.EclipseLogger - Using 'UTF-8' encoding to copy filtered resources.
2020-08-19 05:01:46,723 [Worker-10: Building] INFO  o.e.m.c.i.embedder.EclipseLogger - skip non existing resourceDirectory C:\Users\Administrator\Downloads\CucumberBDDFramework\CucumberBDDFramework\src\test\resources
2020-08-19 05:04:50,290 [Worker-5: Building] INFO  o.e.m.c.i.embedder.EclipseLogger - Using 'UTF-8' encoding to copy filtered resources.
2020-08-19 05:04:50,291 [Worker-5: Building] INFO  o.e.m.c.i.embedder.EclipseLogger - skip non existing resourceDirectory C:\Users\Administrator\Downloads\CucumberBDDFramework\CucumberBDDFramework\src\main\resources
2020-08-19 05:04:50,296 [Worker-5: Building] INFO  o.e.m.c.i.embedder.EclipseLogger - Using 'UTF-8' encoding to copy filtered resources.
2020-08-19 05:04:50,296 [Worker-5: Building] INFO  o.e.m.c.i.embedder.EclipseLogger - skip non existing resourceDirectory C:\Users\Administrator\Downloads\CucumberBDDFramework\CucumberBDDFramework\src\test\resources
2020-08-19 05:09:12,716 [Worker-12: Building] INFO  o.e.m.c.i.embedder.EclipseLogger - Using 'UTF-8' encoding to copy filtered resources.
2020-08-19 05:09:12,716 [Worker-12: Building] INFO  o.e.m.c.i.embedder.EclipseLogger - skip non existing resourceDirectory C:\Users\Administrator\Downloads\CucumberBDDFramework\CucumberBDDFramework\src\main\resources
2020-08-19 05:09:12,718 [Worker-12: Building] INFO  o.e.m.c.i.embedder.EclipseLogger - Using 'UTF-8' encoding to copy filtered resources.
2020-08-19 05:09:12,718 [Worker-12: Building] INFO  o.e.m.c.i.embedder.EclipseLogger - skip non existing resourceDirectory C:\Users\Administrator\Downloads\CucumberBDDFramework\CucumberBDDFramework\src\test\resources
2020-08-19 05:09:56,103 [Worker-0: Building] INFO  o.e.m.c.i.embedder.EclipseLogger - Using 'UTF-8' encoding to copy filtered resources.
2020-08-19 05:09:56,104 [Worker-0: Building] INFO  o.e.m.c.i.embedder.EclipseLogger - skip non existing resourceDirectory C:\Users\Administrator\Downloads\CucumberBDDFramework\CucumberBDDFramework\src\main\resources
2020-08-19 05:09:56,109 [Worker-0: Building] INFO  o.e.m.c.i.embedder.EclipseLogger - Using 'UTF-8' encoding to copy filtered resources.
2020-08-19 05:09:56,109 [Worker-0: Building] INFO  o.e.m.c.i.embedder.EclipseLogger - skip non existing resourceDirectory C:\Users\Administrator\Downloads\CucumberBDDFramework\CucumberBDDFramework\src\test\resources
2020-08-19 05:13:16,161 [Worker-12: Building] INFO  o.e.m.c.i.embedder.EclipseLogger - Using 'UTF-8' encoding to copy filtered resources.
2020-08-19 05:13:16,161 [Worker-12: Building] INFO  o.e.m.c.i.embedder.EclipseLogger - skip non existing resourceDirectory C:\Users\Administrator\Downloads\CucumberBDDFramework\CucumberBDDFramework\src\main\resources
2020-08-19 05:13:16,162 [Worker-12: Building] INFO  o.e.m.c.i.embedder.EclipseLogger - Using 'UTF-8' encoding to copy filtered resources.
2020-08-19 05:13:16,162 [Worker-12: Building] INFO  o.e.m.c.i.embedder.EclipseLogger - skip non existing resourceDirectory C:\Users\Administrator\Downloads\CucumberBDDFramework\CucumberBDDFramework\src\test\resources
2020-08-19 05:20:50,161 [Worker-13: Building] INFO  o.e.m.c.i.embedder.EclipseLogger - Using 'UTF-8' encoding to copy filtered resources.
2020-08-19 05:20:50,161 [Worker-13: Building] INFO  o.e.m.c.i.embedder.EclipseLogger - skip non existing resourceDirectory C:\Users\Administrator\Downloads\CucumberBDDFramework\CucumberBDDFramework\src\main\resources
2020-08-19 05:20:50,162 [Worker-13: Building] INFO  o.e.m.c.i.embedder.EclipseLogger - Using 'UTF-8' encoding to copy filtered resources.
2020-08-19 05:20:50,162 [Worker-13: Building] INFO  o.e.m.c.i.embedder.EclipseLogger - skip non existing resourceDirectory C:\Users\Administrator\Downloads\CucumberBDDFramework\CucumberBDDFramework\src\test\resources
2020-08-19 05:24:33,220 [Worker-18: Building] INFO  o.e.m.c.i.embedder.EclipseLogger - Using 'UTF-8' encoding to copy filtered resources.
2020-08-19 05:24:33,220 [Worker-18: Building] INFO  o.e.m.c.i.embedder.EclipseLogger - skip non existing resourceDirectory C:\Users\Administrator\Downloads\CucumberBDDFramework\CucumberBDDFramework\src\main\resources
2020-08-19 05:24:33,222 [Worker-18: Building] INFO  o.e.m.c.i.embedder.EclipseLogger - Using 'UTF-8' encoding to copy filtered resources.
2020-08-19 05:24:33,223 [Worker-18: Building] INFO  o.e.m.c.i.embedder.EclipseLogger - skip non existing resourceDirectory C:\Users\Administrator\Downloads\CucumberBDDFramework\CucumberBDDFramework\src\test\resources
2020-08-19 05:26:06,827 [Worker-5: Building] INFO  o.e.m.c.i.embedder.EclipseLogger - Using 'UTF-8' encoding to copy filtered resources.
2020-08-19 05:26:06,828 [Worker-5: Building] INFO  o.e.m.c.i.embedder.EclipseLogger - skip non existing resourceDirectory C:\Users\Administrator\Downloads\CucumberBDDFramework\CucumberBDDFramework\src\main\resources
2020-08-19 05:26:06,831 [Worker-5: Building] INFO  o.e.m.c.i.embedder.EclipseLogger - Using 'UTF-8' encoding to copy filtered resources.
2020-08-19 05:26:06,833 [Worker-5: Building] INFO  o.e.m.c.i.embedder.EclipseLogger - skip non existing resourceDirectory C:\Users\Administrator\Downloads\CucumberBDDFramework\CucumberBDDFramework\src\test\resources
2020-08-19 05:26:54,067 [Worker-13: Building] INFO  o.e.m.c.i.embedder.EclipseLogger - Using 'UTF-8' encoding to copy filtered resources.
2020-08-19 05:26:54,067 [Worker-13: Building] INFO  o.e.m.c.i.embedder.EclipseLogger - skip non existing resourceDirectory C:\Users\Administrator\Downloads\CucumberBDDFramework\CucumberBDDFramework\src\main\resources
2020-08-19 05:26:54,068 [Worker-13: Building] INFO  o.e.m.c.i.embedder.EclipseLogger - Using 'UTF-8' encoding to copy filtered resources.
2020-08-19 05:26:54,069 [Worker-13: Building] INFO  o.e.m.c.i.embedder.EclipseLogger - skip non existing resourceDirectory C:\Users\Administrator\Downloads\CucumberBDDFramework\CucumberBDDFramework\src\test\resources
2020-08-19 05:27:04,783 [Worker-5: Building] INFO  o.e.m.c.i.embedder.EclipseLogger - Using 'UTF-8' encoding to copy filtered resources.
2020-08-19 05:27:04,783 [Worker-5: Building] INFO  o.e.m.c.i.embedder.EclipseLogger - skip non existing resourceDirectory C:\Users\Administrator\Downloads\CucumberBDDFramework\CucumberBDDFramework\src\main\resources
2020-08-19 05:27:04,786 [Worker-5: Building] INFO  o.e.m.c.i.embedder.EclipseLogger - Using 'UTF-8' encoding to copy filtered resources.
2020-08-19 05:27:04,786 [Worker-5: Building] INFO  o.e.m.c.i.embedder.EclipseLogger - skip non existing resourceDirectory C:\Users\Administrator\Downloads\CucumberBDDFramework\CucumberBDDFramework\src\test\resources
2020-08-19 05:30:33,203 [Worker-17: Building] INFO  o.e.m.c.i.embedder.EclipseLogger - Using 'UTF-8' encoding to copy filtered resources.
2020-08-19 05:30:33,204 [Worker-17: Building] INFO  o.e.m.c.i.embedder.EclipseLogger - skip non existing resourceDirectory C:\Users\Administrator\Downloads\CucumberBDDFramework\CucumberBDDFramework\src\main\resources
2020-08-19 05:30:33,206 [Worker-17: Building] INFO  o.e.m.c.i.embedder.EclipseLogger - Using 'UTF-8' encoding to copy filtered resources.
2020-08-19 05:30:33,206 [Worker-17: Building] INFO  o.e.m.c.i.embedder.EclipseLogger - skip non existing resourceDirectory C:\Users\Administrator\Downloads\CucumberBDDFramework\CucumberBDDFramework\src\test\resources
2020-08-19 05:30:52,915 [Worker-13: Building] INFO  o.e.m.c.i.embedder.EclipseLogger - Using 'UTF-8' encoding to copy filtered resources.
2020-08-19 05:30:52,915 [Worker-13: Building] INFO  o.e.m.c.i.embedder.EclipseLogger - skip non existing resourceDirectory C:\Users\Administrator\Downloads\CucumberBDDFramework\CucumberBDDFramework\src\main\resources
2020-08-19 05:30:52,918 [Worker-13: Building] INFO  o.e.m.c.i.embedder.EclipseLogger - Using 'UTF-8' encoding to copy filtered resources.
2020-08-19 05:30:52,918 [Worker-13: Building] INFO  o.e.m.c.i.embedder.EclipseLogger - skip non existing resourceDirectory C:\Users\Administrator\Downloads\CucumberBDDFramework\CucumberBDDFramework\src\test\resources
2020-08-19 05:31:31,282 [Worker-13: Launching Executing install in C__Users_Administrator_Downloads_CucumberBDDFramework_CucumberBDDFramework] INFO  o.e.m.i.launch.MavenLaunchDelegate - C:\Users\Administrator\Downloads\CucumberBDDFramework\CucumberBDDFramework
2020-08-19 05:31:31,282 [Worker-13: Launching Executing install in C__Users_Administrator_Downloads_CucumberBDDFramework_CucumberBDDFramework] INFO  o.e.m.i.launch.MavenLaunchDelegate -  mvn -B install
2020-08-19 05:31:40,507 [Worker-23: Building] INFO  o.e.m.c.i.embedder.EclipseLogger - Using 'UTF-8' encoding to copy filtered resources.
2020-08-19 05:31:40,507 [Worker-23: Building] INFO  o.e.m.c.i.embedder.EclipseLogger - skip non existing resourceDirectory C:\Users\Administrator\Downloads\CucumberBDDFramework\CucumberBDDFramework\src\main\resources
2020-08-19 05:31:40,508 [Worker-23: Building] INFO  o.e.m.c.i.embedder.EclipseLogger - Using 'UTF-8' encoding to copy filtered resources.
2020-08-19 05:31:40,509 [Worker-23: Building] INFO  o.e.m.c.i.embedder.EclipseLogger - skip non existing resourceDirectory C:\Users\Administrator\Downloads\CucumberBDDFramework\CucumberBDDFramework\src\test\resources
2020-08-19 13:10:42,383 [Worker-32: Building] INFO  o.e.m.c.i.l.LifecycleMappingFactory - Using org.eclipse.m2e.jdt.JarLifecycleMapping lifecycle mapping for MavenProject: CucumberBDDFramework:CucumberBDDFramework:0.0.1-SNAPSHOT @ C:\Users\Administrator\Downloads\CucumberBDDFramework\CucumberBDDFramework\pom.xml.
2020-08-19 13:10:42,948 [Worker-32: Building] INFO  o.e.m.c.i.embedder.EclipseLogger - Using 'UTF-8' encoding to copy filtered resources.
2020-08-19 13:10:42,948 [Worker-32: Building] INFO  o.e.m.c.i.embedder.EclipseLogger - skip non existing resourceDirectory C:\Users\Administrator\Downloads\CucumberBDDFramework\CucumberBDDFramework\src\main\resources
2020-08-19 13:10:42,950 [Worker-32: Building] INFO  o.e.m.c.i.embedder.EclipseLogger - Using 'UTF-8' encoding to copy filtered resources.
2020-08-19 13:10:42,950 [Worker-32: Building] INFO  o.e.m.c.i.embedder.EclipseLogger - skip non existing resourceDirectory C:\Users\Administrator\Downloads\CucumberBDDFramework\CucumberBDDFramework\src\test\resources
2020-08-19 13:10:44,466 [Worker-37: Building] INFO  o.e.m.c.i.embedder.EclipseLogger - Using 'UTF-8' encoding to copy filtered resources.
2020-08-19 13:10:44,466 [Worker-37: Building] INFO  o.e.m.c.i.embedder.EclipseLogger - skip non existing resourceDirectory C:\Users\Administrator\Downloads\CucumberBDDFramework\CucumberBDDFramework\src\main\resources
2020-08-19 13:10:44,467 [Worker-37: Building] INFO  o.e.m.c.i.embedder.EclipseLogger - Using 'UTF-8' encoding to copy filtered resources.
2020-08-19 13:10:44,468 [Worker-37: Building] INFO  o.e.m.c.i.embedder.EclipseLogger - skip non existing resourceDirectory C:\Users\Administrator\Downloads\CucumberBDDFramework\CucumberBDDFramework\src\test\resources
2020-08-19 13:10:45,589 [Worker-30: Building] INFO  o.e.m.c.i.embedder.EclipseLogger - Using 'UTF-8' encoding to copy filtered resources.
2020-08-19 13:10:45,589 [Worker-30: Building] INFO  o.e.m.c.i.embedder.EclipseLogger - skip non existing resourceDirectory C:\Users\Administrator\Downloads\CucumberBDDFramework\CucumberBDDFramework\src\main\resources
2020-08-19 13:10:45,590 [Worker-30: Building] INFO  o.e.m.c.i.embedder.EclipseLogger - Using 'UTF-8' encoding to copy filtered resources.
2020-08-19 13:10:45,590 [Worker-30: Building] INFO  o.e.m.c.i.embedder.EclipseLogger - skip non existing resourceDirectory C:\Users\Administrator\Downloads\CucumberBDDFramework\CucumberBDDFramework\src\test\resources
2020-08-19 13:10:46,634 [Worker-32: Building] INFO  o.e.m.c.i.embedder.EclipseLogger - Using 'UTF-8' encoding to copy filtered resources.
2020-08-19 13:10:46,635 [Worker-32: Building] INFO  o.e.m.c.i.embedder.EclipseLogger - skip non existing resourceDirectory C:\Users\Administrator\Downloads\CucumberBDDFramework\CucumberBDDFramework\src\main\resources
2020-08-19 13:10:46,637 [Worker-32: Building] INFO  o.e.m.c.i.embedder.EclipseLogger - Using 'UTF-8' encoding to copy filtered resources.
2020-08-19 13:10:46,637 [Worker-32: Building] INFO  o.e.m.c.i.embedder.EclipseLogger - skip non existing resourceDirectory C:\Users\Administrator\Downloads\CucumberBDDFramework\CucumberBDDFramework\src\test\resources
2020-08-20 04:44:18,733 [Worker-71: Building] INFO  o.e.m.c.i.embedder.EclipseLogger - Using 'UTF-8' encoding to copy filtered resources.
2020-08-20 04:44:18,734 [Worker-71: Building] INFO  o.e.m.c.i.embedder.EclipseLogger - skip non existing resourceDirectory C:\Users\Administrator\Downloads\CucumberBDDFramework\CucumberBDDFramework\src\main\resources
2020-08-20 04:44:18,735 [Worker-71: Building] INFO  o.e.m.c.i.embedder.EclipseLogger - Using 'UTF-8' encoding to copy filtered resources.
2020-08-20 04:44:18,736 [Worker-71: Building] INFO  o.e.m.c.i.embedder.EclipseLogger - skip non existing resourceDirectory C:\Users\Administrator\Downloads\CucumberBDDFramework\CucumberBDDFramework\src\test\resources
2020-08-20 05:52:29,687 [main] INFO  o.e.m2e.actions.ExecutePomAction - Creating new launch configuration
2020-08-20 05:52:33,431 [Worker-78: Launching CucumberBDDFramework] INFO  o.e.m.i.launch.MavenLaunchDelegate - C:\Users\Administrator\Downloads\CucumberBDDFramework\CucumberBDDFramework
2020-08-20 05:52:33,431 [Worker-78: Launching CucumberBDDFramework] INFO  o.e.m.i.launch.MavenLaunchDelegate -  mvn -B 
2020-08-20 05:54:20,345 [Worker-84: Launching Executing install in C__Users_Administrator_Downloads_CucumberBDDFramework_CucumberBDDFramework] INFO  o.e.m.i.launch.MavenLaunchDelegate - C:\Users\Administrator\Downloads\CucumberBDDFramework\CucumberBDDFramework
2020-08-20 05:54:20,346 [Worker-84: Launching Executing install in C__Users_Administrator_Downloads_CucumberBDDFramework_CucumberBDDFramework] INFO  o.e.m.i.launch.MavenLaunchDelegate -  mvn -B install
2020-08-20 05:54:27,101 [Worker-83: Building] INFO  o.e.m.c.i.embedder.EclipseLogger - Using 'UTF-8' encoding to copy filtered resources.
2020-08-20 05:54:27,101 [Worker-83: Building] INFO  o.e.m.c.i.embedder.EclipseLogger - skip non existing resourceDirectory C:\Users\Administrator\Downloads\CucumberBDDFramework\CucumberBDDFramework\src\main\resources
2020-08-20 05:54:27,102 [Worker-83: Building] INFO  o.e.m.c.i.embedder.EclipseLogger - Using 'UTF-8' encoding to copy filtered resources.
2020-08-20 05:54:27,102 [Worker-83: Building] INFO  o.e.m.c.i.embedder.EclipseLogger - skip non existing resourceDirectory C:\Users\Administrator\Downloads\CucumberBDDFramework\CucumberBDDFramework\src\test\resources
2020-08-20 05:56:31,125 [Worker-84: Launching Executing clean in C__Users_Administrator_Downloads_CucumberBDDFramework_CucumberBDDFramework] INFO  o.e.m.i.launch.MavenLaunchDelegate - C:\Users\Administrator\Downloads\CucumberBDDFramework\CucumberBDDFramework
2020-08-20 05:56:31,125 [Worker-84: Launching Executing clean in C__Users_Administrator_Downloads_CucumberBDDFramework_CucumberBDDFramework] INFO  o.e.m.i.launch.MavenLaunchDelegate -  mvn -B clean
2020-08-20 05:56:33,265 [Worker-82: Building] INFO  o.e.m.c.i.embedder.EclipseLogger - Using 'UTF-8' encoding to copy filtered resources.
2020-08-20 05:56:33,265 [Worker-82: Building] INFO  o.e.m.c.i.embedder.EclipseLogger - skip non existing resourceDirectory C:\Users\Administrator\Downloads\CucumberBDDFramework\CucumberBDDFramework\src\main\resources
2020-08-20 05:56:33,266 [Worker-82: Building] INFO  o.e.m.c.i.embedder.EclipseLogger - Using 'UTF-8' encoding to copy filtered resources.
2020-08-20 05:56:33,266 [Worker-82: Building] INFO  o.e.m.c.i.embedder.EclipseLogger - skip non existing resourceDirectory C:\Users\Administrator\Downloads\CucumberBDDFramework\CucumberBDDFramework\src\test\resources
2020-08-20 05:56:45,824 [Worker-78: Launching Executing install in C__Users_Administrator_Downloads_CucumberBDDFramework_CucumberBDDFramework] INFO  o.e.m.i.launch.MavenLaunchDelegate - C:\Users\Administrator\Downloads\CucumberBDDFramework\CucumberBDDFramework
2020-08-20 05:56:45,824 [Worker-78: Launching Executing install in C__Users_Administrator_Downloads_CucumberBDDFramework_CucumberBDDFramework] INFO  o.e.m.i.launch.MavenLaunchDelegate -  mvn -B install
2020-08-20 05:56:49,089 [Worker-71: Building] INFO  o.e.m.c.i.embedder.EclipseLogger - Using 'UTF-8' encoding to copy filtered resources.
2020-08-20 05:56:49,089 [Worker-71: Building] INFO  o.e.m.c.i.embedder.EclipseLogger - skip non existing resourceDirectory C:\Users\Administrator\Downloads\CucumberBDDFramework\CucumberBDDFramework\src\main\resources
2020-08-20 05:56:49,096 [Worker-71: Building] INFO  o.e.m.c.i.embedder.EclipseLogger - Using 'UTF-8' encoding to copy filtered resources.
2020-08-20 05:56:49,096 [Worker-71: Building] INFO  o.e.m.c.i.embedder.EclipseLogger - skip non existing resourceDirectory C:\Users\Administrator\Downloads\CucumberBDDFramework\CucumberBDDFramework\src\test\resources
2020-08-20 05:59:23,034 [Worker-85: Building] INFO  o.e.m.c.i.embedder.EclipseLogger - Using 'UTF-8' encoding to copy filtered resources.
2020-08-20 05:59:23,034 [Worker-85: Building] INFO  o.e.m.c.i.embedder.EclipseLogger - skip non existing resourceDirectory C:\Users\Administrator\Downloads\CucumberBDDFramework\CucumberBDDFramework\src\main\resources
2020-08-20 05:59:23,035 [Worker-85: Building] INFO  o.e.m.c.i.embedder.EclipseLogger - Using 'UTF-8' encoding to copy filtered resources.
2020-08-20 05:59:23,035 [Worker-85: Building] INFO  o.e.m.c.i.embedder.EclipseLogger - skip non existing resourceDirectory C:\Users\Administrator\Downloads\CucumberBDDFramework\CucumberBDDFramework\src\test\resources
2020-08-20 05:59:32,129 [Worker-71: Launching Executing install in C__Users_Administrator_Downloads_CucumberBDDFramework_CucumberBDDFramework] INFO  o.e.m.i.launch.MavenLaunchDelegate - C:\Users\Administrator\Downloads\CucumberBDDFramework\CucumberBDDFramework
2020-08-20 05:59:32,130 [Worker-71: Launching Executing install in C__Users_Administrator_Downloads_CucumberBDDFramework_CucumberBDDFramework] INFO  o.e.m.i.launch.MavenLaunchDelegate -  mvn -B install
2020-08-20 05:59:56,608 [Worker-86: Building] INFO  o.e.m.c.i.embedder.EclipseLogger - Using 'UTF-8' encoding to copy filtered resources.
2020-08-20 05:59:56,608 [Worker-86: Building] INFO  o.e.m.c.i.embedder.EclipseLogger - skip non existing resourceDirectory C:\Users\Administrator\Downloads\CucumberBDDFramework\CucumberBDDFramework\src\main\resources
2020-08-20 05:59:56,609 [Worker-86: Building] INFO  o.e.m.c.i.embedder.EclipseLogger - Using 'UTF-8' encoding to copy filtered resources.
2020-08-20 05:59:56,609 [Worker-86: Building] INFO  o.e.m.c.i.embedder.EclipseLogger - skip non existing resourceDirectory C:\Users\Administrator\Downloads\CucumberBDDFramework\CucumberBDDFramework\src\test\resources
2020-08-20 06:08:40,550 [Worker-81: Building] INFO  o.e.m.c.i.embedder.EclipseLogger - Using 'UTF-8' encoding to copy filtered resources.
2020-08-20 06:08:40,550 [Worker-81: Building] INFO  o.e.m.c.i.embedder.EclipseLogger - skip non existing resourceDirectory C:\Users\Administrator\Downloads\CucumberBDDFramework\CucumberBDDFramework\src\main\resources
2020-08-20 06:08:40,551 [Worker-81: Building] INFO  o.e.m.c.i.embedder.EclipseLogger - Using 'UTF-8' encoding to copy filtered resources.
2020-08-20 06:08:40,551 [Worker-81: Building] INFO  o.e.m.c.i.embedder.EclipseLogger - skip non existing resourceDirectory C:\Users\Administrator\Downloads\CucumberBDDFramework\CucumberBDDFramework\src\test\resources
2020-08-20 06:08:50,109 [Worker-85: Launching Executing install in C__Users_Administrator_Downloads_CucumberBDDFramework_CucumberBDDFramework] INFO  o.e.m.i.launch.MavenLaunchDelegate - C:\Users\Administrator\Downloads\CucumberBDDFramework\CucumberBDDFramework
2020-08-20 06:08:50,109 [Worker-85: Launching Executing install in C__Users_Administrator_Downloads_CucumberBDDFramework_CucumberBDDFramework] INFO  o.e.m.i.launch.MavenLaunchDelegate -  mvn -B install
2020-08-20 06:09:12,162 [Worker-84: Building] INFO  o.e.m.c.i.embedder.EclipseLogger - Using 'UTF-8' encoding to copy filtered resources.
2020-08-20 06:09:12,163 [Worker-84: Building] INFO  o.e.m.c.i.embedder.EclipseLogger - skip non existing resourceDirectory C:\Users\Administrator\Downloads\CucumberBDDFramework\CucumberBDDFramework\src\main\resources
2020-08-20 06:09:12,164 [Worker-84: Building] INFO  o.e.m.c.i.embedder.EclipseLogger - Using 'UTF-8' encoding to copy filtered resources.
2020-08-20 06:09:12,164 [Worker-84: Building] INFO  o.e.m.c.i.embedder.EclipseLogger - skip non existing resourceDirectory C:\Users\Administrator\Downloads\CucumberBDDFramework\CucumberBDDFramework\src\test\resources
2020-08-20 06:09:33,665 [Worker-85: Launching Executing install in C__Users_Administrator_Downloads_CucumberBDDFramework_CucumberBDDFramework] INFO  o.e.m.i.launch.MavenLaunchDelegate - C:\Users\Administrator\Downloads\CucumberBDDFramework\CucumberBDDFramework
2020-08-20 06:09:33,666 [Worker-85: Launching Executing install in C__Users_Administrator_Downloads_CucumberBDDFramework_CucumberBDDFramework] INFO  o.e.m.i.launch.MavenLaunchDelegate -  mvn -B install
2020-08-20 06:09:57,114 [Worker-90: Building] INFO  o.e.m.c.i.embedder.EclipseLogger - Using 'UTF-8' encoding to copy filtered resources.
2020-08-20 06:09:57,115 [Worker-90: Building] INFO  o.e.m.c.i.embedder.EclipseLogger - skip non existing resourceDirectory C:\Users\Administrator\Downloads\CucumberBDDFramework\CucumberBDDFramework\src\main\resources
2020-08-20 06:09:57,115 [Worker-90: Building] INFO  o.e.m.c.i.embedder.EclipseLogger - Using 'UTF-8' encoding to copy filtered resources.
2020-08-20 06:09:57,116 [Worker-90: Building] INFO  o.e.m.c.i.embedder.EclipseLogger - skip non existing resourceDirectory C:\Users\Administrator\Downloads\CucumberBDDFramework\CucumberBDDFramework\src\test\resources
2020-08-20 06:12:38,157 [Worker-89: Building] INFO  o.e.m.c.i.embedder.EclipseLogger - Using 'UTF-8' encoding to copy filtered resources.
2020-08-20 06:12:38,157 [Worker-89: Building] INFO  o.e.m.c.i.embedder.EclipseLogger - skip non existing resourceDirectory C:\Users\Administrator\Downloads\CucumberBDDFramework\CucumberBDDFramework\src\main\resources
2020-08-20 06:12:38,158 [Worker-89: Building] INFO  o.e.m.c.i.embedder.EclipseLogger - Using 'UTF-8' encoding to copy filtered resources.
2020-08-20 06:12:38,158 [Worker-89: Building] INFO  o.e.m.c.i.embedder.EclipseLogger - skip non existing resourceDirectory C:\Users\Administrator\Downloads\CucumberBDDFramework\CucumberBDDFramework\src\test\resources
2020-08-20 06:20:00,660 [Worker-78: Building] INFO  o.e.m.c.i.embedder.EclipseLogger - Using 'UTF-8' encoding to copy filtered resources.
2020-08-20 06:20:00,661 [Worker-78: Building] INFO  o.e.m.c.i.embedder.EclipseLogger - skip non existing resourceDirectory C:\Users\Administrator\Downloads\CucumberBDDFramework\CucumberBDDFramework\src\main\resources
2020-08-20 06:20:00,662 [Worker-78: Building] INFO  o.e.m.c.i.embedder.EclipseLogger - Using 'UTF-8' encoding to copy filtered resources.
2020-08-20 06:20:00,662 [Worker-78: Building] INFO  o.e.m.c.i.embedder.EclipseLogger - skip non existing resourceDirectory C:\Users\Administrator\Downloads\CucumberBDDFramework\CucumberBDDFramework\src\test\resources
2020-08-20 06:20:08,230 [Worker-78: Launching Executing install in C__Users_Administrator_Downloads_CucumberBDDFramework_CucumberBDDFramework] INFO  o.e.m.i.launch.MavenLaunchDelegate - C:\Users\Administrator\Downloads\CucumberBDDFramework\CucumberBDDFramework
2020-08-20 06:20:08,230 [Worker-78: Launching Executing install in C__Users_Administrator_Downloads_CucumberBDDFramework_CucumberBDDFramework] INFO  o.e.m.i.launch.MavenLaunchDelegate -  mvn -B install
2020-08-20 06:20:38,017 [Worker-93: Building] INFO  o.e.m.c.i.embedder.EclipseLogger - Using 'UTF-8' encoding to copy filtered resources.
2020-08-20 06:20:38,017 [Worker-93: Building] INFO  o.e.m.c.i.embedder.EclipseLogger - skip non existing resourceDirectory C:\Users\Administrator\Downloads\CucumberBDDFramework\CucumberBDDFramework\src\main\resources
2020-08-20 06:20:38,020 [Worker-93: Building] INFO  o.e.m.c.i.embedder.EclipseLogger - Using 'UTF-8' encoding to copy filtered resources.
2020-08-20 06:20:38,020 [Worker-93: Building] INFO  o.e.m.c.i.embedder.EclipseLogger - skip non existing resourceDirectory C:\Users\Administrator\Downloads\CucumberBDDFramework\CucumberBDDFramework\src\test\resources
2020-08-20 06:25:04,271 [Worker-89: Building] INFO  o.e.m.c.i.embedder.EclipseLogger - Using 'UTF-8' encoding to copy filtered resources.
2020-08-20 06:25:04,271 [Worker-89: Building] INFO  o.e.m.c.i.embedder.EclipseLogger - skip non existing resourceDirectory C:\Users\Administrator\Downloads\CucumberBDDFramework\CucumberBDDFramework\src\main\resources
2020-08-20 06:25:04,273 [Worker-89: Building] INFO  o.e.m.c.i.embedder.EclipseLogger - Using 'UTF-8' encoding to copy filtered resources.
2020-08-20 06:25:04,274 [Worker-89: Building] INFO  o.e.m.c.i.embedder.EclipseLogger - skip non existing resourceDirectory C:\Users\Administrator\Downloads\CucumberBDDFramework\CucumberBDDFramework\src\test\resources
2020-08-20 06:26:18,126 [Worker-89: Building] INFO  o.e.m.c.i.embedder.EclipseLogger - Using 'UTF-8' encoding to copy filtered resources.
2020-08-20 06:26:18,126 [Worker-89: Building] INFO  o.e.m.c.i.embedder.EclipseLogger - skip non existing resourceDirectory C:\Users\Administrator\Downloads\CucumberBDDFramework\CucumberBDDFramework\src\main\resources
2020-08-20 06:26:18,128 [Worker-89: Building] INFO  o.e.m.c.i.embedder.EclipseLogger - Using 'UTF-8' encoding to copy filtered resources.
2020-08-20 06:26:18,128 [Worker-89: Building] INFO  o.e.m.c.i.embedder.EclipseLogger - skip non existing resourceDirectory C:\Users\Administrator\Downloads\CucumberBDDFramework\CucumberBDDFramework\src\test\resources
2020-08-20 06:26:29,831 [Worker-91: Launching Executing install in C__Users_Administrator_Downloads_CucumberBDDFramework_CucumberBDDFramework] INFO  o.e.m.i.launch.MavenLaunchDelegate - C:\Users\Administrator\Downloads\CucumberBDDFramework\CucumberBDDFramework
2020-08-20 06:26:29,831 [Worker-91: Launching Executing install in C__Users_Administrator_Downloads_CucumberBDDFramework_CucumberBDDFramework] INFO  o.e.m.i.launch.MavenLaunchDelegate -  mvn -B install
2020-08-20 06:27:02,370 [Worker-92: Building] INFO  o.e.m.c.i.embedder.EclipseLogger - Using 'UTF-8' encoding to copy filtered resources.
2020-08-20 06:27:02,371 [Worker-92: Building] INFO  o.e.m.c.i.embedder.EclipseLogger - skip non existing resourceDirectory C:\Users\Administrator\Downloads\CucumberBDDFramework\CucumberBDDFramework\src\main\resources
2020-08-20 06:27:02,371 [Worker-92: Building] INFO  o.e.m.c.i.embedder.EclipseLogger - Using 'UTF-8' encoding to copy filtered resources.
2020-08-20 06:27:02,371 [Worker-92: Building] INFO  o.e.m.c.i.embedder.EclipseLogger - skip non existing resourceDirectory C:\Users\Administrator\Downloads\CucumberBDDFramework\CucumberBDDFramework\src\test\resources
2020-08-20 06:27:38,806 [Worker-89: Building] INFO  o.e.m.c.i.embedder.EclipseLogger - Using 'UTF-8' encoding to copy filtered resources.
2020-08-20 06:27:38,807 [Worker-89: Building] INFO  o.e.m.c.i.embedder.EclipseLogger - skip non existing resourceDirectory C:\Users\Administrator\Downloads\CucumberBDDFramework\CucumberBDDFramework\src\main\resources
2020-08-20 06:27:38,807 [Worker-89: Building] INFO  o.e.m.c.i.embedder.EclipseLogger - Using 'UTF-8' encoding to copy filtered resources.
2020-08-20 06:27:38,807 [Worker-89: Building] INFO  o.e.m.c.i.embedder.EclipseLogger - skip non existing resourceDirectory C:\Users\Administrator\Downloads\CucumberBDDFramework\CucumberBDDFramework\src\test\resources
2020-08-20 06:27:46,697 [Worker-92: Launching Executing install in C__Users_Administrator_Downloads_CucumberBDDFramework_CucumberBDDFramework] INFO  o.e.m.i.launch.MavenLaunchDelegate - C:\Users\Administrator\Downloads\CucumberBDDFramework\CucumberBDDFramework
2020-08-20 06:27:46,697 [Worker-92: Launching Executing install in C__Users_Administrator_Downloads_CucumberBDDFramework_CucumberBDDFramework] INFO  o.e.m.i.launch.MavenLaunchDelegate -  mvn -B install
2020-08-20 06:28:20,152 [Worker-92: Building] INFO  o.e.m.c.i.embedder.EclipseLogger - Using 'UTF-8' encoding to copy filtered resources.
2020-08-20 06:28:20,153 [Worker-92: Building] INFO  o.e.m.c.i.embedder.EclipseLogger - skip non existing resourceDirectory C:\Users\Administrator\Downloads\CucumberBDDFramework\CucumberBDDFramework\src\main\resources
2020-08-20 06:28:20,154 [Worker-92: Building] INFO  o.e.m.c.i.embedder.EclipseLogger - Using 'UTF-8' encoding to copy filtered resources.
2020-08-20 06:28:20,154 [Worker-92: Building] INFO  o.e.m.c.i.embedder.EclipseLogger - skip non existing resourceDirectory C:\Users\Administrator\Downloads\CucumberBDDFramework\CucumberBDDFramework\src\test\resources
